debug | 2025-04-17 15:42:51 | Logger start. New log file created: C:\ApacheRoot\ponnath/Logs/Mail/Mail.log. 
debug | 2025-04-17 15:42:51 | Mode 'append to existing log file'.
info | 2025-04-17 15:42:51 | Mail z webu ponnath.cz
info | 2025-04-17 15:42:51 | svoboda@grafia.cz
info | 2025-04-17 15:42:51 | 
            <!DOCTYPE html>
            <html lang="cs">
                <head>
                    <title>Zpráva z webu ponnath.cz</title>
                    <meta charset="UTF-8">
                    <style type="text/css">html {height:100%;} html, 
                                 body {width:100%;min-height:100%;}
                    </style>
                </head>
                <body>
                    <h3>KONTAKTNÍ FORMULÁŘ</h3>
                    <p><b>Jméno a příjmení:</b> zzz</p>
                    <p><b>E-mail:</b> (UPOZORNĚNÍ! Byl zadán chybný e-mail) zz@dd</p>
                    <p><b>Telefonní číslo:</b> 545454545454</p>
                    <p><b>Bydliště:</b> uuuuuuuuuuuu 2</p>
                    <p><b>Název pozice, o kterou máte zájem:</b> Asistent/ka marketingu</p>
                    <p><b>Vaše zpráva (volitelně):</b> zzzzzzzzzzzzzzzzdfhd z  zz &#13;&#10;z &#13;&#10;z &#13;&#10;z &#13;&#10;z etzrtzrtuzuzut!!!&#13;&#10;+ěščřžýáíé=´</p>
    
                </body>
            </html>
                    
info | 2025-04-17 15:42:51 | Success
